<?xml version="1.0" encoding="UTF-8"?>
<testsuite xmlns:xsi="http://www.w3.org/2001/XMLSchema-instance" xsi:noNamespaceSchemaLocation="https://maven.apache.org/surefire/maven-surefire-plugin/xsd/surefire-test-report.xsd" version="3.0.2" name="com.example.demo.CodeStyleCheckerApplicationTests" time="3.385" tests="1" errors="0" skipped="0" failures="0">
  <properties>
[...]
</properties>
  <testcase name="contextLoads" classname="com.example.demo.CodeStyleCheckerApplicationTests" time="0.81">
    <system-out><![CDATA[03:12:09.590 [main] INFO org.springframework.test.context.support.AnnotationConfigContextLoaderUtils -- Could not detect default configuration classes for test class [com.example.demo.CodeStyleCheckerApplicationTests]: CodeStyleCheckerApplicationTests does not declare any static, non-private, non-final, nested classes annotated with @Configuration.
03:12:09.679 [main] INFO org.springframework.boot.test.context.SpringBootTestContextBootstrapper -- Found @SpringBootConfiguration com.example.CodeStyleCheckerApplication for test class com.example.demo.CodeStyleCheckerApplicationTests
03:12:09.883 [main] INFO org.springframework.boot.devtools.restart.RestartApplicationListener -- Restart disabled due to context in which it is running

  .   ____          _            __ _ _
 /\\ / ___'_ __ _ _(_)_ __  __ _ \ \ \ \
( ( )\___ | '_ | '_| | '_ \/ _` | \ \ \ \
 \\/  ___)| |_)| | | | | || (_| |  ) ) ) )
  '  |____| .__|_| |_|_| |_\__, | / / / /
 =========|_|==============|___/=/_/_/_/

 :: Spring Boot ::                (v3.4.2)

2025-02-18T03:12:10.429+05:00  INFO 16552 --- [Code Style Checker] [           main] c.e.d.CodeStyleCheckerApplicationTests   : Starting CodeStyleCheckerApplicationTests using Java 17.0.12 with PID 16552 (started by HP in D:\hamzi work\MS FYP\Code Style Checker)
2025-02-18T03:12:10.434+05:00  INFO 16552 --- [Code Style Checker] [           main] c.e.d.CodeStyleCheckerApplicationTests   : No active profile set, falling back to 1 default profile: "default"
2025-02-18T03:12:11.629+05:00  INFO 16552 --- [Code Style Checker] [           main] o.s.b.a.w.s.WelcomePageHandlerMapping    : Adding welcome page template: index
2025-02-18T03:12:12.012+05:00  INFO 16552 --- [Code Style Checker] [           main] c.e.d.CodeStyleCheckerApplicationTests   : Started CodeStyleCheckerApplicationTests in 2.144 seconds (process running for 3.146)
]]></system-out>
  </testcase>
</testsuite>